<?xml version="1.0" encoding="UTF-8"?>
<!-- Generated by org.testng.reporters.JUnitReportReporter -->
<testsuite skipped="0" hostname="DESKTOP-70GPRGL" name="com.TestCases.MaxLandingTestCase" tests="10" failures="0" timestamp="2022-02-27T21:59:02 CST" time="9.715" errors="0">
  <testcase name="verifyProductsPageLinks" time="0.029" classname="com.TestCases.MaxLandingTestCase"/>
  <system-out/>
  <testcase name="loginToAccount" time="0.064" classname="com.TestCases.MaxLandingTestCase"/>
  <system-out/>
  <testcase name="getTitle" time="2.630" classname="com.TestCases.MaxLandingTestCase"/>
  <system-out/>
  <testcase name="verifyWhyMaxPageLinks" time="0.037" classname="com.TestCases.MaxLandingTestCase"/>
  <system-out/>
  <testcase name="passwordOfAccount" time="3.073" classname="com.TestCases.MaxLandingTestCase"/>
  <system-out/>
  <testcase name="clickMemberLogin" time="0.605" classname="com.TestCases.MaxLandingTestCase"/>
  <system-out/>
  <testcase name="Landing_Page" time="3.128" classname="com.TestCases.MaxLandingTestCase"/>
  <system-out/>
  <testcase name="verifyShopPageLinks" time="0.027" classname="com.TestCases.MaxLandingTestCase"/>
  <system-out/>
  <testcase name="usernameOfAccount" time="0.064" classname="com.TestCases.MaxLandingTestCase"/>
  <system-out/>
  <testcase name="verifyJoinPageLinks" time="0.058" classname="com.TestCases.MaxLandingTestCase"/>
  <system-out/>
</testsuite> <!-- com.TestCases.MaxLandingTestCase -->
